{
  "RSpec": {
    "coverage": {
      "/Users/Guest/Desktop/literary_quotes_rails/spec/requests/delete_route_spec.rb": [
        1,
        null,
        null,
        null,
        1,
        1,
        1,
        1,
        1,
        null,
        null,
        1,
        1,
        null,
        null
      ],
      "/Users/Guest/Desktop/literary_quotes_rails/spec/rails_helper.rb": [
        null,
        1,
        1,
        1,
        null,
        1,
        1,
        null,
        null,
        null,
        null,
        null,
        null,
        null,
        null,
        null,
        null,
        null,
        null,
        null,
        null,
        null,
        null,
        null,
        null,
        null,
        1,
        null,
        1,
        null,
        1,
        null,
        null,
        null,
        null,
        1,
        null,
        null,
        null,
        null,
        null,
        null,
        null,
        null,
        null,
        null,
        null,
        null,
        null,
        null,
        1,
        null,
        null,
        1,
        null,
        null,
        null
      ],
      "/Users/Guest/Desktop/literary_quotes_rails/config/environment.rb": [
        null,
        1,
        null,
        null,
        1
      ],
      "/Users/Guest/Desktop/literary_quotes_rails/config/application.rb": [
        1,
        null,
        1,
        null,
        1,
        1,
        1,
        1,
        1,
        1,
        1,
        null,
        null,
        null,
        null,
        null,
        1,
        null,
        1,
        1,
        null,
        1,
        null,
        null,
        null,
        null,
        null,
        null,
        null,
        null,
        1,
        null,
        null
      ],
      "/Users/Guest/Desktop/literary_quotes_rails/config/boot.rb": [
        1,
        null,
        1
      ],
      "/Users/Guest/Desktop/literary_quotes_rails/config/environments/test.rb": [
        1,
        null,
        null,
        null,
        null,
        null,
        null,
        1,
        null,
        null,
        null,
        null,
        1,
        null,
        null,
        1,
        1,
        null,
        null,
        null,
        null,
        1,
        1,
        null,
        null,
        1,
        null,
        null,
        1,
        1,
        null,
        null,
        null,
        null,
        1,
        null,
        null,
        1,
        null,
        null,
        null,
        null
      ],
      "/Users/Guest/Desktop/literary_quotes_rails/config/initializers/application_controller_renderer.rb": [
        null,
        null,
        null,
        null,
        null,
        null,
        null,
        null
      ],
      "/Users/Guest/Desktop/literary_quotes_rails/config/initializers/backtrace_silencers.rb": [
        null,
        null,
        null,
        null,
        null,
        null,
        null
      ],
      "/Users/Guest/Desktop/literary_quotes_rails/config/initializers/cors.rb": [
        null,
        null,
        null,
        null,
        null,
        null,
        null,
        null,
        null,
        null,
        null,
        null,
        null,
        null,
        null,
        null
      ],
      "/Users/Guest/Desktop/literary_quotes_rails/config/initializers/filter_parameter_logging.rb": [
        null,
        null,
        null,
        1
      ],
      "/Users/Guest/Desktop/literary_quotes_rails/config/initializers/inflections.rb": [
        null,
        null,
        null,
        null,
        null,
        null,
        null,
        null,
        null,
        null,
        null,
        null,
        null,
        null,
        null,
        null
      ],
      "/Users/Guest/Desktop/literary_quotes_rails/config/initializers/mime_types.rb": [
        null,
        null,
        null,
        null
      ],
      "/Users/Guest/Desktop/literary_quotes_rails/config/initializers/wrap_parameters.rb": [
        null,
        null,
        null,
        null,
        null,
        null,
        1,
        2,
        null,
        null,
        null,
        null,
        null,
        null
      ],
      "/Users/Guest/Desktop/literary_quotes_rails/app/channels/application_cable/channel.rb": [
        1,
        1,
        null,
        null
      ],
      "/Users/Guest/Desktop/literary_quotes_rails/app/channels/application_cable/connection.rb": [
        1,
        1,
        null,
        null
      ],
      "/Users/Guest/Desktop/literary_quotes_rails/app/controllers/application_controller.rb": [
        1,
        1,
        1,
        null,
        null,
        null,
        null
      ],
      "/Users/Guest/Desktop/literary_quotes_rails/app/controllers/concerns/response.rb": [
        1,
        null,
        1,
        1,
        null,
        1,
        5,
        null,
        null
      ],
      "/Users/Guest/Desktop/literary_quotes_rails/app/controllers/concerns/error.rb": [
        1,
        null,
        1,
        1,
        null,
        1,
        1,
        1,
        null,
        null,
        1,
        1,
        null,
        null,
        null
      ],
      "/Users/Guest/Desktop/literary_quotes_rails/app/controllers/quotes_controller.rb": [
        1,
        null,
        1,
        3,
        3,
        1,
        null,
        2,
        null,
        3,
        null,
        null,
        1,
        1,
        null,
        0,
        null,
        null,
        1,
        9,
        8,
        8,
        null,
        null,
        null,
        null,
        null,
        null,
        1,
        1,
        null,
        null,
        1,
        1,
        1,
        null,
        null,
        1,
        null,
        1,
        9,
        null,
        null
      ],
      "/Users/Guest/Desktop/literary_quotes_rails/app/jobs/application_job.rb": [
        1,
        null
      ],
      "/Users/Guest/Desktop/literary_quotes_rails/app/mailers/application_mailer.rb": [
        1,
        1,
        1,
        null
      ],
      "/Users/Guest/Desktop/literary_quotes_rails/app/models/application_record.rb": [
        1,
        1,
        null
      ],
      "/Users/Guest/Desktop/literary_quotes_rails/app/models/quote.rb": [
        1,
        1,
        1,
        null,
        1,
        1,
        null,
        null,
        null,
        null,
        null
      ],
      "/Users/Guest/Desktop/literary_quotes_rails/spec/factories.rb": [
        1,
        null,
        1,
        1,
        1,
        null,
        null
      ],
      "/Users/Guest/Desktop/literary_quotes_rails/config/routes.rb": [
        1,
        null,
        1,
        null
      ],
      "/Users/Guest/Desktop/literary_quotes_rails/spec/requests/get_quotes_spec.rb": [
        1,
        null,
        1,
        3,
        null,
        3,
        null,
        1,
        1,
        null,
        null,
        1,
        1,
        null,
        null,
        null,
        1,
        2,
        null,
        2,
        null,
        1,
        1,
        null,
        null,
        null,
        1,
        1,
        1,
        1,
        1,
        null,
        null,
        1,
        1,
        null,
        null
      ],
      "/Users/Guest/Desktop/literary_quotes_rails/spec/requests/post_route_spec.rb": [
        1,
        null,
        1,
        null,
        1,
        4,
        null,
        null,
        1,
        1,
        null,
        null,
        1,
        1,
        null,
        null,
        1,
        1,
        null,
        null,
        1,
        1,
        null,
        null,
        null,
        null,
        1,
        1,
        1,
        1,
        1,
        null,
        null,
        1,
        1,
        null,
        null,
        null,
        1,
        1,
        1,
        null,
        null,
        1,
        1,
        null,
        null
      ]
    },
    "timestamp": 1513123614
  }
}
